La génération a démarré 17/03/2016 16:53:30.
     1>Projet "G:\Perso\Progra\C++\project\SG Debug info\SG Debug info\SG Debug info.vcxproj" sur le nœud 2 (Build cible(s)).
     1>ClCompile:
         C:\Program Files (x86)\Microsoft Visual Studio 14.0\VC\bin\CL.exe /c /Zi /nologo /W3 /WX- /sdl /O2 /Oi /Oy- /GL /D _WINDLL /D _MBCS /Gm- /EHsc /MD /GS /Gy /fp:precise /Zc:wchar_t /Zc:forScope /Zc:inline /Fo"Release\\" /Fd"Release\vc140.pdb" /Gd /TP /analyze- /errorReport:prompt entry.cpp packetlog.cpp
         entry.cpp
     1>g:\perso\progra\c++\project\sg debug info\sg debug info\curses.h(160): warning C4005: 'MOUSE_MOVED' : redéfinition de macro
         C:\Program Files (x86)\Windows Kits\8.1\Include\um\wincon.h(118): note: voir la définition précédente de 'MOUSE_MOVED'
         packetlog.cpp
       Link:
         C:\Program Files (x86)\Microsoft Visual Studio 14.0\VC\bin\link.exe /ERRORREPORT:PROMPT /OUT:"G:\Perso\Progra\C++\project\SG Debug info\Release\SG Debug info.dll" /NOLOGO lib\pdcurses.lib kernel32.lib user32.lib gdi32.lib winspool.lib comdlg32.lib advapi32.lib shell32.lib ole32.lib oleaut32.lib uuid.lib odbc32.lib odbccp32.lib /MANIFEST /MANIFESTUAC:"level='asInvoker' uiAccess='false'" /manifest:embed /Debug /PDB:"G:\Perso\Progra\C++\project\SG Debug info\Release\SG Debug info.pdb" /OPT:REF /OPT:ICF /LTCG:incremental /TLBID:1 /DYNAMICBASE /NXCOMPAT /IMPLIB:"G:\Perso\Progra\C++\project\SG Debug info\Release\SG Debug info.lib" /MACHINE:X86 /SAFESEH:NO /DLL Release\coord.obj
         Release\debug.obj
         Release\entry.obj
         Release\packetlog.obj
         Release\printing.obj
         Génération de code en cours
         3 of 19 functions (15.8%) were compiled, the rest were copied from previous compilation.
           1 functions were new in current compilation
           0 functions had inline decision re-evaluated but remain unchanged
         Fin de la génération du code
         SG Debug info.vcxproj -> G:\Perso\Progra\C++\project\SG Debug info\Release\SG Debug info.dll
     1>Génération du projet "G:\Perso\Progra\C++\project\SG Debug info\SG Debug info\SG Debug info.vcxproj" terminée (Build cible(s)).

La génération a réussi.

Temps écoulé 00:00:03.19
